<?xml version="1.0" encoding="UTF-8"?>
<beans xmlns="http://www.springframework.org/schema/beans"
	xmlns:xsi="http://www.w3.org/2001/XMLSchema-instance"
	xsi:schemaLocation="http://www.springframework.org/schema/beans http://www.springframework.org/schema/beans/spring-beans.xsd">


    <bean name="embeddedProvider" class="com.complexible.stardog.ext.spring.EmbeddedProvider" />

	<bean name="dataSource" class="com.complexible.stardog.ext.spring.DataSourceFactoryBean">
		<property name="to" value="testdb"/>
		<property name="provider" ref="embeddedProvider"/>
		<property name="username" value="admin"/>
		<property name="password" value="admin"/>
	</bean>

	<bean name="template" class="com.complexible.stardog.ext.spring.SnarlTemplate">
		<property name="dataSource" ref="dataSource"/>
	</bean>
	
	<bean name="importer" class="com.complexible.stardog.ext.spring.DataImporter">
		<property name="snarlTemplate" ref="template"/>
		<property name="format" value="N3"/>
		<property name="inputFiles">
			<list>
				<value>classpath:sp2b_10k.n3</value>
			</list>
		</property>
	</bean>
	
</beans>
